<?xml version="1.0" encoding="UTF-8"?>
<testng-results skipped="0" failed="0" ignored="0" total="1" passed="1">
  <reporter-output>
  </reporter-output>
  <suite name="Default suite" duration-ms="15261" started-at="2017-08-26T15:31:32Z" finished-at="2017-08-26T15:31:47Z">
    <groups>
    </groups>
    <test name="Default test" duration-ms="15261" started-at="2017-08-26T15:31:32Z" finished-at="2017-08-26T15:31:47Z">
      <class name="SeleniumTest">
        <test-method status="PASS" signature="SeleniumTest()[pri:0, instance:SeleniumTest@2669b199]" name="SeleniumTest" duration-ms="15224" started-at="2017-08-26T18:31:32Z" finished-at="2017-08-26T18:31:47Z">
          <reporter-output>
          </reporter-output>
        </test-method> <!-- SeleniumTest -->
      </class> <!-- SeleniumTest -->
    </test> <!-- Default test -->
  </suite> <!-- Default suite -->
</testng-results>
